2025-10-25 16:13:55, MOVE, v:1, k:poo@motouber, mode:PICK
2025-10-25 16:13:56, EXEC, v:1, k:poo@motouber, mode:FULL, rate:25
2025-10-25 16:17:43, EXEC, v:1, k:poo@motouber, mode:FULL, rate:25, size:73
2025-10-25 16:18:50, EXEC, v:1, k:poo@motouber, mode:FULL, rate:12, size:81
2025-10-25 16:19:30, EXEC, v:1, k:poo@motouber, mode:FULL, rate:50, size:81
2025-10-25 16:24:59, MOVE, v:1, k:poo@motouber, mode:BACK
2025-10-25 16:25:03, MOVE, v:1, k:poo@motoca, mode:DOWN
2025-10-25 16:25:04, MOVE, v:1, k:poo@motoca, mode:PICK
2025-10-25 16:25:12, EXEC, v:1, k:poo@motoca, mode:FULL, rate:100, size:125
2025-10-25 16:26:44, MOVE, v:1, k:poo@motoca, mode:BACK
2025-10-25 16:26:48, MOVE, v:1, k:poo@motouber, mode:PICK
2025-10-25 16:26:48, EXEC, v:1, k:poo@motouber, mode:FULL, rate:0, size:90
2025-10-25 16:26:55, EXEC, v:1, k:poo@motouber, mode:FULL, rate:0
2025-10-25 16:40:46, EXEC, v:1, k:poo@motouber, mode:FULL, rate:0, size:93
2025-10-25 16:41:22, EXEC, v:1, k:poo@motouber, mode:FULL, rate:0, size:96
2025-10-25 16:41:29, EXEC, v:1, k:poo@motouber, mode:FULL, rate:37, size:96
2025-10-25 16:43:59, EXEC, v:1, k:poo@motouber, mode:FULL, rate:37, size:96
2025-10-25 16:44:34, EXEC, v:1, k:poo@motouber, mode:FULL, rate:50, size:96
2025-10-25 16:47:24, EXEC, v:1, k:poo@motouber, mode:FULL, rate:50, size:97
2025-10-25 16:47:44, EXEC, v:1, k:poo@motouber, mode:FULL, rate:0, size:97
2025-10-25 16:47:55, EXEC, v:1, k:poo@motouber, mode:FULL, rate:0, size:97
2025-10-25 16:47:55, EXEC, v:1, k:poo@motouber, mode:FULL, rate:0, size:97
2025-10-25 16:48:03, EXEC, v:1, k:poo@motouber, mode:FULL, rate:0, size:97
2025-10-25 16:51:47, EXEC, v:1, k:poo@motouber, mode:FULL, rate:50, size:102
2025-10-25 16:52:10, EXEC, v:1, k:poo@motouber, mode:FULL, rate:37, size:102
2025-10-25 16:52:17, EXEC, v:1, k:poo@motouber, mode:FULL, rate:50, size:102
2025-10-25 16:52:39, EXEC, v:1, k:poo@motouber, mode:FULL, rate:62, size:101
2025-10-25 17:05:43, EXEC, v:1, k:poo@motouber, mode:FULL, rate:0, size:104
2025-10-25 17:06:06, EXEC, v:1, k:poo@motouber, mode:FULL, rate:0, size:104
2025-10-25 17:06:26, EXEC, v:1, k:poo@motouber, mode:FULL, rate:12, size:104
2025-10-25 17:09:56, EXEC, v:1, k:poo@motouber, mode:FULL, rate:0, size:116
2025-10-25 17:10:08, EXEC, v:1, k:poo@motouber, mode:FULL, rate:0, size:116
2025-10-25 17:10:20, EXEC, v:1, k:poo@motouber, mode:FULL, rate:50, size:116
