2025-10-08 10:25:47, MOVE, v:1, k:poo@camisa, mode:DOWN
2025-10-08 10:26:40, MOVE, v:1, k:poo@camisa, mode:PICK
2025-10-08 10:27:16, EXEC, v:1, k:poo@camisa, mode:LOCK, rate:100, size:0
2025-10-08 10:35:54, EXEC, v:1, k:poo@camisa, mode:FREE
2025-10-08 10:54:35, MOVE, v:1, k:poo@camisa, mode:BACK
2025-10-08 10:54:39, MOVE, v:1, k:poo@camisa, mode:PICK
2025-10-08 10:54:41, EXEC, v:1, k:poo@camisa, mode:FREE, size:18
2025-10-08 11:00:36, MOVE, v:1, k:poo@camisa, mode:BACK
2025-10-08 11:01:07, SELF, v:1, k:poo@camisa, rate:100, alone:10, study:20
2025-10-08 11:01:54, MOVE, v:1, k:poo@camisa, mode:PICK
2025-10-08 11:04:49, EXEC, v:1, k:poo@camisa, mode:LOCK, rate:0, size:18
2025-10-08 11:04:59, MOVE, v:1, k:poo@camisa, mode:BACK
2025-10-08 11:05:04, MOVE, v:1, k:poo@roupa, mode:DOWN
2025-10-08 11:05:05, MOVE, v:1, k:poo@roupa, mode:PICK
2025-10-08 12:08:12, EXEC, v:1, k:poo@roupa, mode:FULL, rate:0, size:26
2025-10-08 12:08:14, EXEC, v:1, k:poo@roupa, mode:FULL, rate:0
2025-10-08 12:09:20, EXEC, v:1, k:poo@roupa, mode:FULL, rate:0, size:29
2025-10-08 12:09:56, EXEC, v:1, k:poo@roupa, mode:FULL, rate:0, size:29
2025-10-08 12:10:41, EXEC, v:1, k:poo@roupa, mode:FULL, rate:0, size:30
2025-10-08 12:11:06, EXEC, v:1, k:poo@roupa, mode:FULL, rate:0, size:30
2025-10-08 12:11:25, EXEC, v:1, k:poo@roupa, mode:FULL, rate:0, size:30
2025-10-08 12:12:44, EXEC, v:1, k:poo@roupa, mode:FULL, rate:0, size:30
2025-10-08 12:12:54, EXEC, v:1, k:poo@roupa, mode:FULL, rate:0, size:30
2025-10-08 12:13:08, EXEC, v:1, k:poo@roupa, mode:FULL, rate:0, size:30
2025-10-08 12:13:12, EXEC, v:1, k:poo@roupa, mode:FULL, rate:0
2025-10-08 12:13:37, EXEC, v:1, k:poo@roupa, mode:FULL, rate:0, size:30
2025-10-08 12:14:01, EXEC, v:1, k:poo@roupa, mode:FULL, rate:0, size:30
2025-10-08 12:59:21, EXEC, v:1, k:poo@roupa, mode:FULL, rate:0, size:30
2025-10-08 12:59:42, EXEC, v:1, k:poo@roupa, mode:FULL, rate:0, size:30
2025-10-08 13:00:36, EXEC, v:1, k:poo@roupa, mode:FULL, rate:0, size:30
2025-10-08 13:02:11, EXEC, v:1, k:poo@roupa, mode:FULL, rate:0, size:31
2025-10-08 13:05:18, EXEC, v:1, k:poo@roupa, mode:FULL, rate:0, size:30
2025-10-08 13:12:09, EXEC, v:1, k:poo@roupa, mode:FULL, rate:0, size:31
2025-10-08 13:13:11, EXEC, v:1, k:poo@roupa, mode:FULL, rate:0, size:32
2025-10-08 13:14:13, EXEC, v:1, k:poo@roupa, mode:FULL, rate:0, size:32
2025-10-08 13:15:12, EXEC, v:1, k:poo@roupa, mode:FULL, rate:0, size:32
2025-10-08 13:15:52, EXEC, v:1, k:poo@roupa, mode:FULL, rate:100, size:32
2025-10-08 13:16:49, MOVE, v:1, k:poo@roupa, mode:BACK
2025-10-08 13:18:23, SELF, v:1, k:poo@roupa, rate:100, human:s, alone:8, study:35
2025-10-08 13:18:56, SELF, v:1, k:poo@chinela, rate:100, human:s, alone:9, study:20
2025-10-08 13:19:19, SELF, v:1, k:poo@camisa, rate:100, alone:10, study:20
2025-10-08 13:19:23, MOVE, v:1, k:poo@relogio, mode:DOWN
