2025-10-26 01:41:50, MOVE, v:1, k:poo@motouber, mode:PICK
2025-10-26 01:41:51, EXEC, v:1, k:poo@motouber, mode:FULL, rate:50, size:118
2025-10-26 01:44:29, MOVE, v:1, k:poo@motouber, mode:PICK
2025-10-26 01:44:30, EXEC, v:1, k:poo@motouber, mode:FULL, rate:50
2025-10-26 01:46:23, EXEC, v:1, k:poo@motouber, mode:FULL, rate:50, size:119
2025-10-26 01:50:23, EXEC, v:1, k:poo@motouber, mode:FULL, rate:0, size:121
2025-10-26 01:52:01, EXEC, v:1, k:poo@motouber, mode:FULL, rate:50, size:119
2025-10-26 01:53:08, EXEC, v:1, k:poo@motouber, mode:FULL, rate:50, size:120
2025-10-26 01:54:42, EXEC, v:1, k:poo@motouber, mode:FULL, rate:50, size:120
2025-10-26 01:55:09, EXEC, v:1, k:poo@motouber, mode:FULL, rate:50, size:120
2025-10-26 01:58:28, EXEC, v:1, k:poo@motouber, mode:FULL, rate:62, size:120
2025-10-26 01:59:30, EXEC, v:1, k:poo@motouber, mode:FULL, rate:50, size:120
2025-10-26 02:00:08, EXEC, v:1, k:poo@motouber, mode:FULL, rate:62, size:120
2025-10-26 02:02:28, EXEC, v:1, k:poo@motouber, mode:FULL, rate:62, size:120
2025-10-26 02:03:57, EXEC, v:1, k:poo@motouber, mode:FULL, rate:75, size:117
2025-10-26 02:08:56, EXEC, v:1, k:poo@motouber, mode:FULL, rate:75, size:117
2025-10-26 02:10:56, EXEC, v:1, k:poo@motouber, mode:FULL, rate:50, size:118
2025-10-26 02:11:37, EXEC, v:1, k:poo@motouber, mode:FULL, rate:50, size:118
2025-10-26 02:11:51, EXEC, v:1, k:poo@motouber, mode:FULL, rate:50
2025-10-26 02:12:17, EXEC, v:1, k:poo@motouber, mode:FULL, rate:50, size:118
2025-10-26 02:13:12, EXEC, v:1, k:poo@motouber, mode:FULL, rate:50, size:118
2025-10-26 02:14:06, EXEC, v:1, k:poo@motouber, mode:FULL, rate:50, size:117
2025-10-26 02:22:07, EXEC, v:1, k:poo@motouber, mode:FULL, rate:50, size:121
2025-10-26 02:22:34, EXEC, v:1, k:poo@motouber, mode:FULL, rate:50, size:120
2025-10-26 02:24:25, EXEC, v:1, k:poo@motouber, mode:FULL, rate:50, size:121
2025-10-26 02:26:51, EXEC, v:1, k:poo@motouber, mode:FULL, rate:50, size:121
2025-10-26 02:27:34, EXEC, v:1, k:poo@motouber, mode:FULL, rate:50, size:121
2025-10-26 02:27:55, EXEC, v:1, k:poo@motouber, mode:FULL, rate:50, size:121
2025-10-26 02:29:17, EXEC, v:1, k:poo@motouber, mode:FULL, rate:75, size:121
2025-10-26 02:30:03, EXEC, v:1, k:poo@motouber, mode:FULL, rate:75, size:120
2025-10-26 02:33:51, EXEC, v:1, k:poo@motouber, mode:FULL, rate:75, size:123
2025-10-26 02:34:41, EXEC, v:1, k:poo@motouber, mode:FULL, rate:100, size:124
2025-10-26 02:50:36, MOVE, v:1, k:poo@motouber, mode:BACK
2025-10-26 02:50:40, MOVE, v:1, k:poo@motoca, mode:PICK
2025-10-26 02:50:41, EXEC, v:1, k:poo@motoca, mode:FULL, rate:100
2025-10-26 02:54:00, MOVE, v:1, k:poo@motoca, mode:BACK
2025-10-26 02:54:21, MOVE, v:1, k:poo@grafite, mode:DOWN
2025-10-26 02:54:27, MOVE, v:1, k:poo@grafite, mode:PICK
2025-10-26 18:01:53, MOVE, v:1, k:poo@grafite, mode:PICK
2025-10-26 18:01:53, EXEC, v:1, k:poo@grafite, mode:FULL, rate:0, size:58
2025-10-26 18:04:19, EXEC, v:1, k:poo@grafite, mode:FULL, rate:0, size:60
2025-10-26 18:05:08, EXEC, v:1, k:poo@grafite, mode:FULL, rate:0, size:60
2025-10-26 18:06:13, EXEC, v:1, k:poo@grafite, mode:FULL, rate:0, size:60
2025-10-26 18:06:55, EXEC, v:1, k:poo@grafite, mode:FULL, rate:0, size:60
2025-10-26 18:07:33, EXEC, v:1, k:poo@grafite, mode:FULL, rate:0, size:60
2025-10-26 18:08:05, EXEC, v:1, k:poo@grafite, mode:FULL, rate:0, size:63
2025-10-26 18:10:25, EXEC, v:1, k:poo@grafite, mode:FULL, rate:0, size:63
2025-10-26 18:10:55, EXEC, v:1, k:poo@grafite, mode:FULL, rate:0, size:63
2025-10-26 18:11:18, EXEC, v:1, k:poo@grafite, mode:FULL, rate:0, size:63
2025-10-26 18:12:16, EXEC, v:1, k:poo@grafite, mode:FULL, rate:0, size:63
2025-10-26 18:31:42, EXEC, v:1, k:poo@grafite, mode:FULL, rate:0, size:60
2025-10-26 18:31:57, EXEC, v:1, k:poo@grafite, mode:FULL, rate:10, size:60
2025-10-26 18:43:48, EXEC, v:1, k:poo@grafite, mode:FULL, rate:0, size:71
2025-10-26 18:45:08, EXEC, v:1, k:poo@grafite, mode:FULL, rate:10, size:71
2025-10-26 18:48:04, EXEC, v:1, k:poo@grafite, mode:FULL, rate:10, size:78
2025-10-26 18:48:39, EXEC, v:1, k:poo@grafite, mode:FULL, rate:10, size:78
2025-10-26 18:48:52, EXEC, v:1, k:poo@grafite, mode:FULL, rate:10, size:78
2025-10-26 18:51:05, EXEC, v:1, k:poo@grafite, mode:FULL, rate:10, size:78
2025-10-26 19:13:39, EXEC, v:1, k:poo@grafite, mode:FULL, rate:10, size:78
2025-10-26 19:16:44, EXEC, v:1, k:poo@grafite, mode:FULL, rate:10, size:75
2025-10-26 19:20:21, EXEC, v:1, k:poo@grafite, mode:FULL, rate:10, size:75
2025-10-26 19:20:58, EXEC, v:1, k:poo@grafite, mode:FULL, rate:10, size:75
2025-10-26 19:21:25, EXEC, v:1, k:poo@grafite, mode:FULL, rate:10, size:75
2025-10-26 19:21:40, EXEC, v:1, k:poo@grafite, mode:FULL, rate:10, size:75
2025-10-26 19:28:34, EXEC, v:1, k:poo@grafite, mode:FULL, rate:0, size:75
2025-10-26 19:28:44, EXEC, v:1, k:poo@grafite, mode:FULL, rate:10, size:75
2025-10-26 19:37:03, EXEC, v:1, k:poo@grafite, mode:FULL, rate:10, size:74
2025-10-26 19:37:33, EXEC, v:1, k:poo@grafite, mode:FULL, rate:10
2025-10-26 19:37:35, EXEC, v:1, k:poo@grafite, mode:FULL, rate:10
2025-10-26 19:37:35, EXEC, v:1, k:poo@grafite, mode:FULL, rate:10
2025-10-26 19:39:39, MOVE, v:1, k:poo@grafite, mode:PICK
2025-10-26 19:39:40, EXEC, v:1, k:poo@grafite, mode:FULL, rate:10
2025-10-26 19:42:05, EXEC, v:1, k:poo@grafite, mode:FULL, rate:40, size:74
2025-10-26 19:45:39, EXEC, v:1, k:poo@grafite, mode:FULL, rate:40, size:77
2025-10-26 19:46:11, EXEC, v:1, k:poo@grafite, mode:FULL, rate:40, size:79
2025-10-26 19:46:34, EXEC, v:1, k:poo@grafite, mode:FULL, rate:60, size:79
2025-10-26 19:52:01, EXEC, v:1, k:poo@grafite, mode:FULL, rate:0, size:84
2025-10-26 19:58:05, EXEC, v:1, k:poo@grafite, mode:FULL, rate:0, size:80
2025-10-26 19:58:15, EXEC, v:1, k:poo@grafite, mode:FULL, rate:60, size:80
2025-10-26 20:34:24, MOVE, v:1, k:poo@grafite, mode:BACK
2025-10-26 20:34:32, MOVE, v:1, k:poo@motouber, mode:PICK
2025-10-26 20:34:33, EXEC, v:1, k:poo@motouber, mode:FULL, rate:100
2025-10-26 20:41:20, MOVE, v:1, k:poo@motouber, mode:BACK
2025-10-26 20:41:23, MOVE, v:1, k:poo@grafite, mode:PICK
2025-10-26 20:41:24, EXEC, v:1, k:poo@grafite, mode:FULL, rate:10, size:80
2025-10-26 20:43:32, EXEC, v:1, k:poo@grafite, mode:FULL, rate:10, size:80
2025-10-26 20:47:25, EXEC, v:1, k:poo@grafite, mode:FULL, rate:60, size:80
2025-10-26 22:14:57, EXEC, v:1, k:poo@grafite, mode:FULL, rate:60, size:98
2025-10-26 22:16:05, EXEC, v:1, k:poo@grafite, mode:FULL, rate:60, size:100
2025-10-26 22:16:25, EXEC, v:1, k:poo@grafite, mode:FULL, rate:70, size:100
2025-10-26 22:22:14, EXEC, v:1, k:poo@grafite, mode:FULL, rate:70, size:104
2025-10-26 22:26:23, EXEC, v:1, k:poo@grafite, mode:FULL, rate:0, size:108
2025-10-26 22:29:16, EXEC, v:1, k:poo@grafite, mode:FULL, rate:70, size:106
2025-10-26 22:29:31, EXEC, v:1, k:poo@grafite, mode:FULL, rate:70, size:106
2025-10-26 22:30:23, EXEC, v:1, k:poo@grafite, mode:FULL, rate:70, size:107
2025-10-26 22:31:00, EXEC, v:1, k:poo@grafite, mode:FULL, rate:70, size:107
2025-10-26 22:31:50, EXEC, v:1, k:poo@grafite, mode:FULL, rate:60, size:107
2025-10-26 22:32:00, EXEC, v:1, k:poo@grafite, mode:FULL, rate:70, size:107
2025-10-26 22:32:26, EXEC, v:1, k:poo@grafite, mode:FULL, rate:70, size:107
2025-10-26 22:32:42, EXEC, v:1, k:poo@grafite, mode:FULL, rate:70, size:107
2025-10-26 22:46:51, EXEC, v:1, k:poo@grafite, mode:FULL, rate:70, size:110
2025-10-26 22:47:52, EXEC, v:1, k:poo@grafite, mode:FULL, rate:60, size:112
2025-10-26 22:48:24, EXEC, v:1, k:poo@grafite, mode:FULL, rate:60, size:112
2025-10-26 22:49:03, EXEC, v:1, k:poo@grafite, mode:FULL, rate:60, size:112
2025-10-26 22:49:17, MOVE, v:1, k:poo@grafite, mode:PICK
2025-10-26 22:49:21, EXEC, v:1, k:poo@grafite, mode:FULL, rate:60
2025-10-26 22:49:25, EXEC, v:1, k:poo@grafite, mode:FULL, rate:60, size:112
2025-10-26 22:49:29, EXEC, v:1, k:poo@grafite, mode:FULL, rate:60, size:112
2025-10-26 22:49:37, EXEC, v:1, k:poo@grafite, mode:FULL, rate:60, size:112
2025-10-26 22:49:44, EXEC, v:1, k:poo@grafite, mode:FULL, rate:60, size:112
2025-10-26 22:58:35, EXEC, v:1, k:poo@grafite, mode:FULL, rate:60, size:112
2025-10-26 22:58:57, EXEC, v:1, k:poo@grafite, mode:FULL, rate:60
